<?xml version="1.0" encoding="UTF-8"?>
<!-- Generated by org.testng.reporters.JUnitXMLReporter -->
<testsuite ignored="2" hostname="DESKTOP-UBASVQK" failures="0" tests="4" name="Test" time="96.05" errors="0" timestamp="2023-03-04T02:20:58 IST">
  <testcase classname="Regression.ErrorValidationTest" name="verifyerrorlog" time="17.823"/>
  <testcase classname="Regression.StandAloneTest" name="tcc01" time="37.116"/>
  <testcase classname="Regression.VerifyItemNamesInCartTest" name="VerifyItemWithCorrectName" time="19.831"/>
  <testcase classname="Regression.VerifyItemNamesInCartTest" name="VerifyItemWithInCorrectName" time="19.77"/>
  <testcase classname="Utility.Basic" name="@BeforeTest readconf" time="0.0">
    <ignored/>
  </testcase> <!-- @BeforeTest readconf -->
  <testcase classname="Utility.Basic" name="@BeforeTest readconf" time="0.0">
    <ignored/>
  </testcase> <!-- @BeforeTest readconf -->
</testsuite> <!-- Test -->
