<?xml version="1.0" encoding="UTF-8"?>
<!-- Generated by org.testng.reporters.JUnitXMLReporter -->
<testsuite ignored="0" hostname="DESKTOP-UBASVQK" failures="0" tests="2" name="VerifyItemNamesInCartTest" time="58.286" errors="0" timestamp="2023-03-19T21:11:40 IST">
  <testcase classname="Regression.VerifyItemNamesInCartTest" name="VerifyItemWithCorrectName" time="29.315"/>
  <testcase classname="Regression.VerifyItemNamesInCartTest" name="VerifyItemWithInCorrectName" time="24.34"/>
</testsuite> <!-- VerifyItemNamesInCartTest -->
